Build started 9/17/2015 1:40:26 AM.
     1>Project "C:\Users\Joe\OneDrive\Documents\CMPS415\CMPS415Triangles\CMPS415Triangles\CMPS415Triangles.vcxproj" on node 2 (Build target(s)).
     1>ClCompile:
         C:\Program Files (x86)\Microsoft Visual Studio 12.0\VC\bin\CL.exe /c /ZI /nologo /W3 /WX- /sdl /Od /Oy- /D _MBCS /Gm /EHsc /RTC1 /MDd /GS /fp:precise /Zc:wchar_t /Zc:forScope /Fo"Debug\\" /Fd"Debug\vc120.pdb" /Gd /TP /analyze- /errorReport:prompt main.cpp
         main.cpp
     1>c:\users\joe\onedrive\documents\cmps415\cmps415triangles\cmps415triangles\main.cpp(133): warning C4244: '=' : conversion from 'float' to 'int', possible loss of data
     1>c:\users\joe\onedrive\documents\cmps415\cmps415triangles\cmps415triangles\main.cpp(134): warning C4244: '=' : conversion from 'float' to 'int', possible loss of data
     1>c:\users\joe\onedrive\documents\cmps415\cmps415triangles\cmps415triangles\main.cpp(154): warning C4244: '=' : conversion from 'double' to 'GLubyte', possible loss of data
     1>c:\users\joe\onedrive\documents\cmps415\cmps415triangles\cmps415triangles\main.cpp(155): warning C4244: '=' : conversion from 'double' to 'GLubyte', possible loss of data
     1>c:\users\joe\onedrive\documents\cmps415\cmps415triangles\cmps415triangles\main.cpp(156): warning C4244: '=' : conversion from 'double' to 'GLubyte', possible loss of data
     1>c:\users\joe\onedrive\documents\cmps415\cmps415triangles\cmps415triangles\main.cpp(194): warning C4244: '=' : conversion from 'float' to 'int', possible loss of data
     1>c:\users\joe\onedrive\documents\cmps415\cmps415triangles\cmps415triangles\main.cpp(195): warning C4244: '=' : conversion from 'float' to 'int', possible loss of data
     1>c:\users\joe\onedrive\documents\cmps415\cmps415triangles\cmps415triangles\main.cpp(214): warning C4244: '=' : conversion from 'double' to 'GLubyte', possible loss of data
     1>c:\users\joe\onedrive\documents\cmps415\cmps415triangles\cmps415triangles\main.cpp(215): warning C4244: '=' : conversion from 'double' to 'GLubyte', possible loss of data
     1>c:\users\joe\onedrive\documents\cmps415\cmps415triangles\cmps415triangles\main.cpp(216): warning C4244: '=' : conversion from 'double' to 'GLubyte', possible loss of data
       Link:
         C:\Program Files (x86)\Microsoft Visual Studio 12.0\VC\bin\link.exe /ERRORREPORT:PROMPT /OUT:"C:\Users\Joe\OneDrive\Documents\CMPS415\CMPS415Triangles\Debug\CMPS415Triangles.exe" /INCREMENTAL /NOLOGO glew32.lib kernel32.lib user32.lib gdi32.lib winspool.lib comdlg32.lib advapi32.lib shell32.lib ole32.lib oleaut32.lib uuid.lib odbc32.lib odbccp32.lib /MANIFEST /MANIFESTUAC:"level='asInvoker' uiAccess='false'" /manifest:embed /DEBUG /PDB:"C:\Users\Joe\OneDrive\Documents\CMPS415\CMPS415Triangles\Debug\CMPS415Triangles.pdb" /TLBID:1 /DYNAMICBASE /NXCOMPAT /IMPLIB:"C:\Users\Joe\OneDrive\Documents\CMPS415\CMPS415Triangles\Debug\CMPS415Triangles.lib" /MACHINE:X86 Debug\main.obj
         CMPS415Triangles.vcxproj -> C:\Users\Joe\OneDrive\Documents\CMPS415\CMPS415Triangles\Debug\CMPS415Triangles.exe
     1>Done Building Project "C:\Users\Joe\OneDrive\Documents\CMPS415\CMPS415Triangles\CMPS415Triangles\CMPS415Triangles.vcxproj" (Build target(s)).

Build succeeded.

Time Elapsed 00:00:00.82
